This file contains any messages produced by compilers while
running configure, to aid debugging if configure makes a mistake.

It was created by libffi configure 3.4.2, which was
generated by GNU Autoconf 2.71.  Invocation command line was

  $ /home/olamicreas/and/.buildozer/android/platform/build-armeabi-v7a/build/other_builds/libffi/armeabi-v7a__ndk_target_21/libffi/configure --host=arm-linux-androideabi --prefix=/home/olamicreas/and/.buildozer/android/platform/build-armeabi-v7a/build/other_builds/libffi/armeabi-v7a__ndk_target_21/libffi --disable-builddir --enable-shared

## --------- ##
## Platform. ##
## --------- ##

hostname = DESKTOP-HR4NSTJ
uname -m = x86_64
uname -r = 4.4.0-19041-Microsoft
uname -s = Linux
uname -v = #2311-Microsoft Tue Nov 08 17:09:00 PST 2022

/usr/bin/uname -p = x86_64
/bin/uname -X     = unknown

/bin/arch              = x86_64
/usr/bin/arch -k       = unknown
/usr/convex/getsysinfo = unknown
/usr/bin/hostinfo      = unknown
/bin/machine           = unknown
/usr/bin/oslevel       = unknown
/bin/universe          = unknown

PATH: /root/.buildozer/android/platform/android-ndk-r25b/toolchains/llvm/prebuilt/linux-x86_64/bin/
PATH: /root/.buildozer/android/platform/android-ndk-r25b/
PATH: /root/.buildozer/android/platform/android-sdk/tools/
PATH: /root/.buildozer/android/platform/apache-ant-1.9.4/bin/
PATH: /usr/local/sbin/
PATH: /usr/local/bin/
PATH: /usr/sbin/
PATH: /usr/bin/
PATH: /sbin/
PATH: /bin/
PATH: /snap/bin/


## ----------- ##
## Core tests. ##
## ----------- ##

configure:3071: looking for aux files: ltmain.sh compile missing install-sh config.guess config.sub
configure:3084:  trying ./
configure:3113:   ./ltmain.sh found
configure:3113:   ./compile found
configure:3113:   ./missing found
configure:3095:   ./install-sh found
configure:3113:   ./config.guess found
configure:3113:   ./config.sub found
configure:3234: checking build system type
configure:3249: result: x86_64-pc-linux-gnu
configure:3269: checking host system type
configure:3283: result: arm-unknown-linux-androideabi
configure:3303: checking target system type
configure:3317: result: arm-unknown-linux-androideabi
configure:3416: checking for gsed
configure:3452: result: sed
configure:3481: checking for a BSD-compatible install
configure:3554: result: /usr/bin/install -c
configure:3565: checking whether build environment is sane
configure:3620: result: yes
configure:3672: checking for arm-linux-androideabi-strip
configure:3704: result: /root/.buildozer/android/platform/android-ndk-r25b/toolchains/llvm/prebuilt/linux-x86_64/bin/llvm-strip --strip-unneeded
configure:3775: checking for a race-free mkdir -p
configure:3819: result: /usr/bin/mkdir -p
configure:3826: checking for gawk
configure:3847: found /usr/bin/gawk
configure:3858: result: gawk
configure:3869: checking whether make -j4 sets $(MAKE)
configure:3892: result: yes
configure:3922: checking whether make -j4 supports nested variables
configure:3940: result: yes
configure:4104: checking for arm-linux-androideabi-gcc
configure:4136: result: /root/.buildozer/android/platform/android-ndk-r25b/toolchains/llvm/prebuilt/linux-x86_64/bin/clang -target armv7a-linux-androideabi21 -fomit-frame-pointer -march=armv7-a -mfloat-abi=softfp -mfpu=vfp -mthumb -fPIC
configure:4534: checking for C compiler version
configure:4543: /root/.buildozer/android/platform/android-ndk-r25b/toolchains/llvm/prebuilt/linux-x86_64/bin/clang -target armv7a-linux-androideabi21 -fomit-frame-pointer -march=armv7-a -mfloat-abi=softfp -mfpu=vfp -mthumb -fPIC --version >&5
/home/olamicreas/and/.buildozer/android/platform/build-armeabi-v7a/build/other_builds/libffi/armeabi-v7a__ndk_target_21/libffi/configure: line 4545: /root/.buildozer/android/platform/android-ndk-r25b/toolchains/llvm/prebuilt/linux-x86_64/bin/clang: cannot execute binary file: Exec format error
configure:4554: $? = 126
configure:4543: /root/.buildozer/android/platform/android-ndk-r25b/toolchains/llvm/prebuilt/linux-x86_64/bin/clang -target armv7a-linux-androideabi21 -fomit-frame-pointer -march=armv7-a -mfloat-abi=softfp -mfpu=vfp -mthumb -fPIC -v >&5
/home/olamicreas/and/.buildozer/android/platform/build-armeabi-v7a/build/other_builds/libffi/armeabi-v7a__ndk_target_21/libffi/configure: line 4545: /root/.buildozer/android/platform/android-ndk-r25b/toolchains/llvm/prebuilt/linux-x86_64/bin/clang: cannot execute binary file: Exec format error
configure:4554: $? = 126
configure:4543: /root/.buildozer/android/platform/android-ndk-r25b/toolchains/llvm/prebuilt/linux-x86_64/bin/clang -target armv7a-linux-androideabi21 -fomit-frame-pointer -march=armv7-a -mfloat-abi=softfp -mfpu=vfp -mthumb -fPIC -V >&5
/home/olamicreas/and/.buildozer/android/platform/build-armeabi-v7a/build/other_builds/libffi/armeabi-v7a__ndk_target_21/libffi/configure: line 4545: /root/.buildozer/android/platform/android-ndk-r25b/toolchains/llvm/prebuilt/linux-x86_64/bin/clang: cannot execute binary file: Exec format error
configure:4554: $? = 126
configure:4543: /root/.buildozer/android/platform/android-ndk-r25b/toolchains/llvm/prebuilt/linux-x86_64/bin/clang -target armv7a-linux-androideabi21 -fomit-frame-pointer -march=armv7-a -mfloat-abi=softfp -mfpu=vfp -mthumb -fPIC -qversion >&5
/home/olamicreas/and/.buildozer/android/platform/build-armeabi-v7a/build/other_builds/libffi/armeabi-v7a__ndk_target_21/libffi/configure: line 4545: /root/.buildozer/android/platform/android-ndk-r25b/toolchains/llvm/prebuilt/linux-x86_64/bin/clang: cannot execute binary file: Exec format error
configure:4554: $? = 126
configure:4543: /root/.buildozer/android/platform/android-ndk-r25b/toolchains/llvm/prebuilt/linux-x86_64/bin/clang -target armv7a-linux-androideabi21 -fomit-frame-pointer -march=armv7-a -mfloat-abi=softfp -mfpu=vfp -mthumb -fPIC -version >&5
/home/olamicreas/and/.buildozer/android/platform/build-armeabi-v7a/build/other_builds/libffi/armeabi-v7a__ndk_target_21/libffi/configure: line 4545: /root/.buildozer/android/platform/android-ndk-r25b/toolchains/llvm/prebuilt/linux-x86_64/bin/clang: cannot execute binary file: Exec format error
configure:4554: $? = 126
configure:4574: checking whether the C compiler works
configure:4596: /root/.buildozer/android/platform/android-ndk-r25b/toolchains/llvm/prebuilt/linux-x86_64/bin/clang -target armv7a-linux-androideabi21 -fomit-frame-pointer -march=armv7-a -mfloat-abi=softfp -mfpu=vfp -mthumb -fPIC -target armv7a-linux-androideabi21 -fomit-frame-pointer -march=armv7-a -mfloat-abi=softfp -mfpu=vfp -mthumb -fPIC -DANDROID -I/root/.buildozer/android/platform/android-ndk-r25b/toolchains/llvm/prebuilt/linux-x86_64/sysroot/usr/include -I/home/olamicreas/and/.buildozer/android/platform/build-armeabi-v7a/build/python-installs/myapp/armeabi-v7a/include/python3.1   -L/home/olamicreas/and/.buildozer/android/platform/build-armeabi-v7a/build/libs_collections/myapp/armeabi-v7a conftest.c  >&5
/home/olamicreas/and/.buildozer/android/platform/build-armeabi-v7a/build/other_builds/libffi/armeabi-v7a__ndk_target_21/libffi/configure: line 4598: /root/.buildozer/android/platform/android-ndk-r25b/toolchains/llvm/prebuilt/linux-x86_64/bin/clang: cannot execute binary file: Exec format error
configure:4600: $? = 126
configure:4640: result: no
configure: failed program was:
| /* confdefs.h */
| #define PACKAGE_NAME "libffi"
| #define PACKAGE_TARNAME "libffi"
| #define PACKAGE_VERSION "3.4.2"
| #define PACKAGE_STRING "libffi 3.4.2"
| #define PACKAGE_BUGREPORT "http://github.com/libffi/libffi/issues"
| #define PACKAGE_URL ""
| #define PACKAGE "libffi"
| #define VERSION "3.4.2"
| /* end confdefs.h.  */
| 
| int
| main (void)
| {
| 
|   ;
|   return 0;
| }
configure:4645: error: in `/home/olamicreas/and/.buildozer/android/platform/build-armeabi-v7a/build/other_builds/libffi/armeabi-v7a__ndk_target_21/libffi':
configure:4647: error: C compiler cannot create executables
See `config.log' for more details

## ---------------- ##
## Cache variables. ##
## ---------------- ##

ac_cv_build=x86_64-pc-linux-gnu
ac_cv_env_CCASFLAGS_set=
ac_cv_env_CCASFLAGS_value=
ac_cv_env_CCAS_set=
ac_cv_env_CCAS_value=
ac_cv_env_CPPFLAGS_set=set
ac_cv_env_CPPFLAGS_value='-DANDROID -I/root/.buildozer/android/platform/android-ndk-r25b/toolchains/llvm/prebuilt/linux-x86_64/sysroot/usr/include -I/home/olamicreas/and/.buildozer/android/platform/build-armeabi-v7a/build/python-installs/myapp/armeabi-v7a/include/python3.1'
ac_cv_env_CXXCPP_set=
ac_cv_env_CXXCPP_value=
ac_cv_env_LT_SYS_LIBRARY_PATH_set=
ac_cv_env_LT_SYS_LIBRARY_PATH_value=
ac_cv_env_build_alias_set=
ac_cv_env_build_alias_value=
ac_cv_env_host_alias_set=set
ac_cv_env_host_alias_value=arm-linux-androideabi
ac_cv_env_target_alias_set=
ac_cv_env_target_alias_value=
ac_cv_host=arm-unknown-linux-androideabi
ac_cv_path_ax_enable_builddir_sed=sed
ac_cv_path_install='/usr/bin/install -c'
ac_cv_path_mkdir=/usr/bin/mkdir
ac_cv_prog_AWK=gawk
ac_cv_prog_CC='/root/.buildozer/android/platform/android-ndk-r25b/toolchains/llvm/prebuilt/linux-x86_64/bin/clang -target armv7a-linux-androideabi21 -fomit-frame-pointer -march=armv7-a -mfloat-abi=softfp -mfpu=vfp -mthumb -fPIC'
ac_cv_prog_STRIP='/root/.buildozer/android/platform/android-ndk-r25b/toolchains/llvm/prebuilt/linux-x86_64/bin/llvm-strip --strip-unneeded'
ac_cv_prog_make_make_set=yes
ac_cv_target=arm-unknown-linux-androideabi
am_cv_make_support_nested_variables=yes

## ----------------- ##
## Output variables. ##
## ----------------- ##

ACLOCAL='${SHELL} '\''/home/olamicreas/and/.buildozer/android/platform/build-armeabi-v7a/build/other_builds/libffi/armeabi-v7a__ndk_target_21/libffi/missing'\'' aclocal-1.16'
ALLOCA=''
AMDEPBACKSLASH=''
AMDEP_FALSE=''
AMDEP_TRUE=''
AMTAR='$${TAR-tar}'
AM_BACKSLASH='\'
AM_DEFAULT_V='$(AM_DEFAULT_VERBOSITY)'
AM_DEFAULT_VERBOSITY='1'
AM_LTLDFLAGS=''
AM_RUNTESTFLAGS=''
AM_V='$(V)'
AR='/root/.buildozer/android/platform/android-ndk-r25b/toolchains/llvm/prebuilt/linux-x86_64/bin/llvm-ar'
AUTOCONF='${SHELL} '\''/home/olamicreas/and/.buildozer/android/platform/build-armeabi-v7a/build/other_builds/libffi/armeabi-v7a__ndk_target_21/libffi/missing'\'' autoconf'
AUTOHEADER='${SHELL} '\''/home/olamicreas/and/.buildozer/android/platform/build-armeabi-v7a/build/other_builds/libffi/armeabi-v7a__ndk_target_21/libffi/missing'\'' autoheader'
AUTOMAKE='${SHELL} '\''/home/olamicreas/and/.buildozer/android/platform/build-armeabi-v7a/build/other_builds/libffi/armeabi-v7a__ndk_target_21/libffi/missing'\'' automake-1.16'
AWK='gawk'
BUILD_DOCS_FALSE=''
BUILD_DOCS_TRUE=''
CC='/root/.buildozer/android/platform/android-ndk-r25b/toolchains/llvm/prebuilt/linux-x86_64/bin/clang -target armv7a-linux-androideabi21 -fomit-frame-pointer -march=armv7-a -mfloat-abi=softfp -mfpu=vfp -mthumb -fPIC'
CCAS=''
CCASDEPMODE=''
CCASFLAGS=''
CCDEPMODE=''
CFLAGS='-target armv7a-linux-androideabi21 -fomit-frame-pointer -march=armv7-a -mfloat-abi=softfp -mfpu=vfp -mthumb -fPIC'
CPPFLAGS='-DANDROID -I/root/.buildozer/android/platform/android-ndk-r25b/toolchains/llvm/prebuilt/linux-x86_64/sysroot/usr/include -I/home/olamicreas/and/.buildozer/android/platform/build-armeabi-v7a/build/python-installs/myapp/armeabi-v7a/include/python3.1'
CSCOPE='cscope'
CTAGS='ctags'
CXX='/root/.buildozer/android/platform/android-ndk-r25b/toolchains/llvm/prebuilt/linux-x86_64/bin/clang++ -target armv7a-linux-androideabi21 -fomit-frame-pointer -march=armv7-a -mfloat-abi=softfp -mfpu=vfp -mthumb -fPIC'
CXXCPP=''
CXXDEPMODE=''
CXXFLAGS='-target armv7a-linux-androideabi21 -fomit-frame-pointer -march=armv7-a -mfloat-abi=softfp -mfpu=vfp -mthumb -fPIC'
CYGPATH_W='echo'
DEFS=''
DEPDIR=''
DLLTOOL=''
DSYMUTIL=''
DUMPBIN=''
ECHO_C=''
ECHO_N='-n'
ECHO_T=''
EGREP=''
ETAGS='etags'
EXEEXT=''
FFI_DEBUG_FALSE=''
FFI_DEBUG_TRUE=''
FFI_EXEC_TRAMPOLINE_TABLE=''
FFI_EXEC_TRAMPOLINE_TABLE_FALSE=''
FFI_EXEC_TRAMPOLINE_TABLE_TRUE=''
FGREP=''
GREP=''
HAVE_LONG_DOUBLE=''
HAVE_LONG_DOUBLE_VARIANT=''
INSTALL_DATA='${INSTALL} -m 644'
INSTALL_PROGRAM='${INSTALL}'
INSTALL_SCRIPT='${INSTALL}'
INSTALL_STRIP_PROGRAM='$(install_sh) -c -s'
LD=''
LDFLAGS='  -L/home/olamicreas/and/.buildozer/android/platform/build-armeabi-v7a/build/libs_collections/myapp/armeabi-v7a'
LIBFFI_BUILD_VERSIONED_SHLIB_FALSE=''
LIBFFI_BUILD_VERSIONED_SHLIB_GNU_FALSE=''
LIBFFI_BUILD_VERSIONED_SHLIB_GNU_TRUE=''
LIBFFI_BUILD_VERSIONED_SHLIB_SUN_FALSE=''
LIBFFI_BUILD_VERSIONED_SHLIB_SUN_TRUE=''
LIBFFI_BUILD_VERSIONED_SHLIB_TRUE=''
LIBOBJS=''
LIBS=''
LIBTOOL=''
LIPO=''
LN_S=''
LTLIBOBJS=''
LT_SYS_LIBRARY_PATH=''
MAINT=''
MAINTAINER_MODE_FALSE=''
MAINTAINER_MODE_TRUE=''
MAKEINFO='${SHELL} '\''/home/olamicreas/and/.buildozer/android/platform/build-armeabi-v7a/build/other_builds/libffi/armeabi-v7a__ndk_target_21/libffi/missing'\'' makeinfo'
MANIFEST_TOOL=''
MKDIR_P='/usr/bin/mkdir -p'
NM=''
NMEDIT=''
OBJDUMP=''
OBJEXT=''
OPT_LDFLAGS=''
OTOOL64=''
OTOOL=''
PACKAGE='libffi'
PACKAGE_BUGREPORT='http://github.com/libffi/libffi/issues'
PACKAGE_NAME='libffi'
PACKAGE_STRING='libffi 3.4.2'
PACKAGE_TARNAME='libffi'
PACKAGE_URL=''
PACKAGE_VERSION='3.4.2'
PATH_SEPARATOR=':'
PRTDIAG=''
RANLIB='/root/.buildozer/android/platform/android-ndk-r25b/toolchains/llvm/prebuilt/linux-x86_64/bin/llvm-ranlib'
READELF='/root/.buildozer/android/platform/android-ndk-r25b/toolchains/llvm/prebuilt/linux-x86_64/bin/llvm-readelf'
SECTION_LDFLAGS=''
SED=''
SET_MAKE=''
SHELL='/bin/bash'
STRIP='/root/.buildozer/android/platform/android-ndk-r25b/toolchains/llvm/prebuilt/linux-x86_64/bin/llvm-strip --strip-unneeded'
TARGET='arm-unknown-linux-androideabi'
TARGETDIR=''
TARGET_OBJ=''
TESTSUBDIR_FALSE=''
TESTSUBDIR_TRUE=''
VERSION='3.4.2'
ac_ct_AR=''
ac_ct_CC=''
ac_ct_CXX=''
ac_ct_DUMPBIN=''
am__EXEEXT_FALSE=''
am__EXEEXT_TRUE=''
am__fastdepCCAS_FALSE=''
am__fastdepCCAS_TRUE=''
am__fastdepCC_FALSE=''
am__fastdepCC_TRUE=''
am__fastdepCXX_FALSE=''
am__fastdepCXX_TRUE=''
am__include=''
am__isrc=''
am__leading_dot='.'
am__nodep=''
am__quote=''
am__tar='$${TAR-tar} chof - "$$tardir"'
am__untar='$${TAR-tar} xf -'
ax_enable_builddir_sed='sed'
bindir='${exec_prefix}/bin'
build='x86_64-pc-linux-gnu'
build_alias=''
build_cpu='x86_64'
build_os='linux-gnu'
build_vendor='pc'
datadir='${datarootdir}'
datarootdir='${prefix}/share'
docdir='${datarootdir}/doc/${PACKAGE_TARNAME}'
dvidir='${docdir}'
exec_prefix='NONE'
host='arm-unknown-linux-androideabi'
host_alias='arm-linux-androideabi'
host_cpu='arm'
host_os='linux-androideabi'
host_vendor='unknown'
htmldir='${docdir}'
includedir='${prefix}/include'
infodir='${datarootdir}/info'
install_sh='${SHELL} /home/olamicreas/and/.buildozer/android/platform/build-armeabi-v7a/build/other_builds/libffi/armeabi-v7a__ndk_target_21/libffi/install-sh'
libdir='${exec_prefix}/lib'
libexecdir='${exec_prefix}/libexec'
localedir='${datarootdir}/locale'
localstatedir='${prefix}/var'
mandir='${datarootdir}/man'
mkdir_p='$(MKDIR_P)'
oldincludedir='/usr/include'
pdfdir='${docdir}'
prefix='/home/olamicreas/and/.buildozer/android/platform/build-armeabi-v7a/build/other_builds/libffi/armeabi-v7a__ndk_target_21/libffi'
program_transform_name='s,x,x,'
psdir='${docdir}'
runstatedir='${localstatedir}/run'
sbindir='${exec_prefix}/sbin'
sharedstatedir='${prefix}/com'
sys_symbol_underscore=''
sysconfdir='${prefix}/etc'
target='arm-unknown-linux-androideabi'
target_alias='arm-linux-androideabi'
target_cpu='arm'
target_os='linux-androideabi'
target_vendor='unknown'
toolexecdir=''
toolexeclibdir=''

## ----------- ##
## confdefs.h. ##
## ----------- ##

/* confdefs.h */
#define PACKAGE_NAME "libffi"
#define PACKAGE_TARNAME "libffi"
#define PACKAGE_VERSION "3.4.2"
#define PACKAGE_STRING "libffi 3.4.2"
#define PACKAGE_BUGREPORT "http://github.com/libffi/libffi/issues"
#define PACKAGE_URL ""
#define PACKAGE "libffi"
#define VERSION "3.4.2"

configure: exit 77
